[debug] [2021-08-18T21:36:29.344Z] ----------------------------------------------------------------------
[debug] [2021-08-18T21:36:29.346Z] Command:       /usr/local/bin/node /usr/local/bin/firebase init
[debug] [2021-08-18T21:36:29.346Z] CLI Version:   9.16.5
[debug] [2021-08-18T21:36:29.346Z] Platform:      darwin
[debug] [2021-08-18T21:36:29.346Z] Node Version:  v14.17.5
[debug] [2021-08-18T21:36:29.347Z] Time:          Thu Aug 19 2021 00:36:29 GMT+0300 (East Africa Time)
[debug] [2021-08-18T21:36:29.347Z] ----------------------------------------------------------------------
[debug] 
[debug] [2021-08-18T21:36:29.354Z] > command requires scopes: ["email","openid","https://www.googleapis.com/auth/cloudplatformprojects.readonly","https://www.googleapis.com/auth/firebase","https://www.googleapis.com/auth/cloud-platform"]
[debug] [2021-08-18T21:36:29.354Z] > authorizing via signed-in user (salim.nassor.sn@gmail.com)
[info] 
     ######## #### ########  ######## ########     ###     ######  ########
     ##        ##  ##     ## ##       ##     ##  ##   ##  ##       ##
     ######    ##  ########  ######   ########  #########  ######  ######
     ##        ##  ##    ##  ##       ##     ## ##     ##       ## ##
     ##       #### ##     ## ######## ########  ##     ##  ######  ########

You're about to initialize a Firebase project in this directory:

  /Users/salim/Desktop/Id8.space/Id8-Landing-Page

[info] 
=== Project Setup
[info] 
[info] First, let's associate this project directory with a Firebase project.
[info] You can create multiple project aliases by running firebase use --add, 
[info] but for now we'll just set up a default project.
[info] 
[debug] [2021-08-18T21:36:44.152Z] > refreshing access token with scopes: []
[debug] [2021-08-18T21:36:44.154Z] >>> HTTP REQUEST POST https://www.googleapis.com/oauth2/v3/token  
 <request body omitted>
[debug] [2021-08-18T21:36:44.847Z] <<< HTTP RESPONSE 200 {"pragma":"no-cache","cache-control":"no-cache, no-store, max-age=0, must-revalidate","date":"Wed, 18 Aug 2021 21:36:44 GMT","expires":"Mon, 01 Jan 1990 00:00:00 GMT","content-type":"application/json; charset=utf-8","vary":"X-Origin, Referer, Origin,Accept-Encoding","server":"scaffolding on HTTPServer2","x-xss-protection":"0","x-frame-options":"SAMEORIGIN","x-content-type-options":"nosniff","alt-svc":"h3=\":443\"; ma=2592000,h3-29=\":443\"; ma=2592000,h3-T051=\":443\"; ma=2592000,h3-Q050=\":443\"; ma=2592000,h3-Q046=\":443\"; ma=2592000,h3-Q043=\":443\"; ma=2592000,quic=\":443\"; ma=2592000; v=\"46,43\"","accept-ranges":"none","transfer-encoding":"chunked"}
[debug] [2021-08-18T21:36:44.882Z] >>> [apiv2][query] GET https://firebase.googleapis.com/v1beta1/projects pageSize=100
[debug] [2021-08-18T21:36:45.717Z] <<< [apiv2][status] GET https://firebase.googleapis.com/v1beta1/projects 200
[debug] [2021-08-18T21:36:45.717Z] <<< [apiv2][body] GET https://firebase.googleapis.com/v1beta1/projects [omitted]
[info] i  Using project id8-space (id8-space) 
[info] 
=== Hosting Setup
[info] 
[info] Your public directory is the folder (relative to your project directory) that
[info] will contain Hosting assets to be uploaded with firebase deploy. If you
[info] have a build process for your assets, use your build's output directory.
[info] 
[debug] [2021-08-18T21:37:29.843Z] >>> [apiv2][query] GET https://www.gstatic.com/firebasejs/releases.json [none]
[debug] [2021-08-18T21:37:30.495Z] <<< [apiv2][status] GET https://www.gstatic.com/firebasejs/releases.json 200
[debug] [2021-08-18T21:37:30.496Z] <<< [apiv2][body] GET https://www.gstatic.com/firebasejs/releases.json {"current":{"version":"8.9.1","browserURL":"https://www.gstatic.com/firebasejs/8.9.1/firebase.js","packageURL":"https://www.gstatic.com/firebasejs/8.9.1/firebase.tgz"},"live":{"version":"8.9","browserURL":"https://www.gstatic.com/firebasejs/live/8.9/firebase.js","packageURL":"https://www.gstatic.com/firebasejs/live/8.9/firebase.tgz"},"components":{"analytics":"https://www.gstatic.com/firebasejs/8.9.1/firebase-analytics.js","app":"https://www.gstatic.com/firebasejs/8.9.1/firebase-app.js","app-check":"https://www.gstatic.com/firebasejs/8.9.1/firebase-app-check.js","auth":"https://www.gstatic.com/firebasejs/8.9.1/firebase-auth.js","database":"https://www.gstatic.com/firebasejs/8.9.1/firebase-database.js","firestore":"https://www.gstatic.com/firebasejs/8.9.1/firebase-firestore.js","functions":"https://www.gstatic.com/firebasejs/8.9.1/firebase-functions.js","installations":"https://www.gstatic.com/firebasejs/8.9.1/firebase-installations.js","messaging":"https://www.gstatic.com/firebasejs/8.9.1/firebase-messaging.js","storage":"https://www.gstatic.com/firebasejs/8.9.1/firebase-storage.js","performance":"https://www.gstatic.com/firebasejs/8.9.1/firebase-performance.js","remote-config":"https://www.gstatic.com/firebasejs/8.9.1/firebase-remote-config.js","firestore.memory":"https://www.gstatic.com/firebasejs/8.9.1/firebase-firestore.memory.js"}}
[info] ✔  Wrote dist/index.html 
[info] 
[info] i  Detected a .git folder at /Users/salim/Desktop/Id8.space/Id8-Landing-Page 
[info] i  Authorizing with GitHub to upload your service account to a GitHub repository's secrets store. 
[info] 
[info] Visit this URL on this device to log in:
[info] https://github.com/login/oauth/authorize?client_id=89cf50f02ac6aaed3484&state=775716920&redirect_uri=http%3A%2F%2Flocalhost%3A9005&scope=read%3Auser%20repo%20public_repo
[info] 
[info] Waiting for authentication...
[debug] [2021-08-18T21:37:31.750Z] >>> HTTP REQUEST POST https://github.com/login/oauth/access_token  
 {"client_id":"89cf50f02ac6aaed3484","client_secret":"3330d14abc895d9a74d5f17cd7a00711fa2c5bf0","code":"b7e49266b2a93f3c125c","redirect_uri":"http://localhost:9005","state":"775716920"}
[debug] [2021-08-18T21:37:32.653Z] <<< HTTP RESPONSE 200 {"server":"GitHub.com","date":"Wed, 18 Aug 2021 21:37:32 GMT","content-type":"application/json; charset=utf-8","transfer-encoding":"chunked","vary":"X-PJAX, Accept-Encoding, Accept, X-Requested-With","permissions-policy":"interest-cohort=()","etag":"W/\"bfc7ad91004ad881b23b0da7245369c6\"","cache-control":"max-age=0, private, must-revalidate","strict-transport-security":"max-age=31536000; includeSubdomains; preload","x-frame-options":"deny","x-content-type-options":"nosniff","x-xss-protection":"0","referrer-policy":"origin-when-cross-origin, strict-origin-when-cross-origin","expect-ct":"max-age=2592000, report-uri=\"https://api.github.com/_private/browser/errors\"","content-security-policy":"default-src 'none'; base-uri 'self'; block-all-mixed-content; connect-src 'self' uploads.github.com www.githubstatus.com collector.githubapp.com api.github.com github-cloud.s3.amazonaws.com github-production-repository-file-5c1aeb.s3.amazonaws.com github-production-upload-manifest-file-7fdce7.s3.amazonaws.com github-production-user-asset-6210df.s3.amazonaws.com cdn.optimizely.com logx.optimizely.com/v1/events translator.github.com wss://alive.github.com; font-src github.githubassets.com; form-action 'self' github.com gist.github.com; frame-ancestors 'none'; frame-src render.githubusercontent.com viewscreen.githubusercontent.com; img-src 'self' data: github.githubassets.com identicons.github.com collector.githubapp.com github-cloud.s3.amazonaws.com secured-user-images.githubusercontent.com/ *.githubusercontent.com; manifest-src 'self'; media-src 'none'; script-src github.githubassets.com; style-src 'unsafe-inline' github.githubassets.com; worker-src github.com/socket-worker-3f088aa2.js gist.github.com/socket-worker-3f088aa2.js","x-github-request-id":"4CA6:9A8A:709CE1:7462BB:611D7D9C"}
[debug] [2021-08-18T21:37:32.662Z] >>> [apiv2][query] GET https://api.github.com/user [none]
[debug] [2021-08-18T21:37:33.510Z] <<< [apiv2][status] GET https://api.github.com/user 200
[debug] [2021-08-18T21:37:33.512Z] <<< [apiv2][body] GET https://api.github.com/user {"login":"xxGreyscale","id":28978723,"node_id":"MDQ6VXNlcjI4OTc4NzIz","avatar_url":"https://avatars.githubusercontent.com/u/28978723?v=4","gravatar_id":"","url":"https://api.github.com/users/xxGreyscale","html_url":"https://github.com/xxGreyscale","followers_url":"https://api.github.com/users/xxGreyscale/followers","following_url":"https://api.github.com/users/xxGreyscale/following{/other_user}","gists_url":"https://api.github.com/users/xxGreyscale/gists{/gist_id}","starred_url":"https://api.github.com/users/xxGreyscale/starred{/owner}{/repo}","subscriptions_url":"https://api.github.com/users/xxGreyscale/subscriptions","organizations_url":"https://api.github.com/users/xxGreyscale/orgs","repos_url":"https://api.github.com/users/xxGreyscale/repos","events_url":"https://api.github.com/users/xxGreyscale/events{/privacy}","received_events_url":"https://api.github.com/users/xxGreyscale/received_events","type":"User","site_admin":false,"name":"Salum Nassor","company":"Id8","blog":"","location":"Dar es salaam, Tanzania","email":"salim.nassor.sn@gmail.com","hireable":null,"bio":null,"twitter_username":null,"public_repos":4,"public_gists":0,"followers":0,"following":0,"created_at":"2017-05-26T09:52:18Z","updated_at":"2021-08-18T01:20:20Z","private_gists":0,"total_private_repos":11,"owned_private_repos":11,"disk_usage":144416,"collaborators":4,"two_factor_authentication":false,"plan":{"name":"free","space":976562499,"collaborators":0,"private_repos":10000}}
[info] 
[info] ✔  Success! Logged into GitHub as xxGreyscale 
[info] 
[debug] [2021-08-18T21:38:31.543Z] >>> [apiv2][query] GET https://api.github.com/repos/xxGreyscale/https://github.com/ideate-space/Id8-Landing-Page.git/actions/secrets/public-key type=owner
[debug] [2021-08-18T21:38:32.381Z] <<< [apiv2][status] GET https://api.github.com/repos/xxGreyscale/https://github.com/ideate-space/Id8-Landing-Page.git/actions/secrets/public-key 404
[debug] [2021-08-18T21:38:32.381Z] <<< [apiv2][body] GET https://api.github.com/repos/xxGreyscale/https://github.com/ideate-space/Id8-Landing-Page.git/actions/secrets/public-key {"message":"Not Found","documentation_url":"https://docs.github.com/rest"}
[debug] [2021-08-18T21:38:37.996Z] >>> [apiv2][query] GET https://api.github.com/repos/xxGreyscale/https://github.com/ideate-space/Id8-Landing-Page.git/actions/secrets/public-key type=owner
[debug] [2021-08-18T21:38:38.759Z] <<< [apiv2][status] GET https://api.github.com/repos/xxGreyscale/https://github.com/ideate-space/Id8-Landing-Page.git/actions/secrets/public-key 404
[debug] [2021-08-18T21:38:38.760Z] <<< [apiv2][body] GET https://api.github.com/repos/xxGreyscale/https://github.com/ideate-space/Id8-Landing-Page.git/actions/secrets/public-key {"message":"Not Found","documentation_url":"https://docs.github.com/rest"}
[debug] [2021-08-18T21:38:56.816Z] >>> [apiv2][query] GET https://api.github.com/repos/xxGreyscale/Id8-Landing-Page.git/actions/secrets/public-key type=owner
[debug] [2021-08-18T21:38:57.707Z] <<< [apiv2][status] GET https://api.github.com/repos/xxGreyscale/Id8-Landing-Page.git/actions/secrets/public-key 404
[debug] [2021-08-18T21:38:57.708Z] <<< [apiv2][body] GET https://api.github.com/repos/xxGreyscale/Id8-Landing-Page.git/actions/secrets/public-key {"message":"Not Found","documentation_url":"https://docs.github.com/rest/reference/actions#get-a-repository-public-key"}
[debug] [2021-08-18T21:39:03.138Z] >>> [apiv2][query] GET https://api.github.com/repos/xxGreyscale/Id8-Landing-Page/actions/secrets/public-key type=owner
[debug] [2021-08-18T21:39:03.892Z] <<< [apiv2][status] GET https://api.github.com/repos/xxGreyscale/Id8-Landing-Page/actions/secrets/public-key 404
[debug] [2021-08-18T21:39:03.893Z] <<< [apiv2][body] GET https://api.github.com/repos/xxGreyscale/Id8-Landing-Page/actions/secrets/public-key {"message":"Not Found","documentation_url":"https://docs.github.com/rest/reference/actions#get-a-repository-public-key"}
